## ComfyUI-Manager: installing dependencies done.
[2024-08-09 08:07] ** ComfyUI startup time: 2024-08-09 08:07:42.702326
[2024-08-09 08:07] ** Platform: Linux
[2024-08-09 08:07] ** Python version: 3.12.4 (main, Jun 18 2024, 13:54:05) [GCC 14.1.1 20240522]
[2024-08-09 08:07] ** Python executable: /home/unmedius/ComfyUI/.venv/bin/python
[2024-08-09 08:07] ** ComfyUI Path: /home/unmedius/ComfyUI
[2024-08-09 08:07] ** Log path: /home/unmedius/.config/waybar/comfyui.log
[2024-08-09 08:07] 
Prestartup times for custom nodes:
[2024-08-09 08:07]    0.7 seconds: /home/unmedius/ComfyUI/custom_nodes/ComfyUI-Manager
[2024-08-09 08:07] 
Total VRAM 16368 MB, total RAM 32015 MB
[2024-08-09 08:07] pytorch version: 2.4.0+rocm6.0
[2024-08-09 08:07] Set vram state to: NORMAL_VRAM
[2024-08-09 08:07] Device: cuda:0 AMD Radeon RX 7800 XT : native
[2024-08-09 08:07] Using sub quadratic optimization for cross attention, if you have memory or speed issues try using: --use-split-cross-attention
[2024-08-09 08:07] [Prompt Server] web root: /home/unmedius/ComfyUI/web
[2024-08-09 08:07] /home/unmedius/ComfyUI/.venv/lib/python3.12/site-packages/kornia/feature/lightglue.py:44: FutureWarning: `torch.cuda.amp.custom_fwd(args...)` is deprecated. Please use `torch.amp.custom_fwd(args..., device_type='cuda')` instead.
  @torch.cuda.amp.custom_fwd(cast_inputs=torch.float32)
[2024-08-09 08:07] ### Loading: ComfyUI-Manager (V2.48.5)
[2024-08-09 08:07] ### ComfyUI Revision: 2457 [ba9095e5] | Released on '2024-08-03'
[2024-08-09 08:07] ### Loading: ComfyUI-Impact-Pack (V6.0)
[2024-08-09 08:07] [ComfyUI-Manager] default cache updated: https://raw.githubusercontent.com/ltdrdata/ComfyUI-Manager/main/alter-list.json
[2024-08-09 08:07] [ComfyUI-Manager] default cache updated: https://raw.githubusercontent.com/ltdrdata/ComfyUI-Manager/main/model-list.json
[2024-08-09 08:07] [ComfyUI-Manager] default cache updated: https://raw.githubusercontent.com/ltdrdata/ComfyUI-Manager/main/github-stats.json
[2024-08-09 08:07] [ComfyUI-Manager] default cache updated: https://raw.githubusercontent.com/ltdrdata/ComfyUI-Manager/main/extension-node-map.json
[2024-08-09 08:07] [ComfyUI-Manager] default cache updated: https://raw.githubusercontent.com/ltdrdata/ComfyUI-Manager/main/custom-node-list.json
[2024-08-09 08:07] ### Loading: ComfyUI-Impact-Pack (Subpack: V0.6)
[2024-08-09 08:07] [Impact Pack] Wildcards loading done.
[2024-08-09 08:07] ### Loading: ComfyUI-Inspire-Pack (V0.82.6)
[2024-08-09 08:07] [34mOpenPose Editor: [92mLoaded[0m
[2024-08-09 08:07] [34mOpenpose Editor Plus: [92mLoaded[0m
[2024-08-09 08:07] [36mEfficiency Nodes:[0m Attempting to add Control Net options to the 'HiRes-Fix Script' Node (comfyui_controlnet_aux add-on)...[92mSuccess![0m
[2024-08-09 08:07] [93mEfficiency Nodes Warning:[0m Failed to import python package 'simpleeval'; related nodes disabled.
[2024-08-09 08:07] 
[2024-08-09 08:07] Loaded Efficiency nodes from /home/unmedius/ComfyUI/custom_nodes/efficiency-nodes-comfyui
[2024-08-09 08:07] Loaded ControlNetPreprocessors nodes from /home/unmedius/ComfyUI/custom_nodes/comfyui_controlnet_aux
[2024-08-09 08:07] Loaded AdvancedControlNet nodes from /home/unmedius/ComfyUI/custom_nodes/ComfyUI-Advanced-ControlNet
[2024-08-09 08:07] Could not find AnimateDiff nodes
[2024-08-09 08:07] Loaded IPAdapter nodes from /home/unmedius/ComfyUI/custom_nodes/ComfyUI_IPAdapter_plus
[2024-08-09 08:07] Loaded VideoHelperSuite from /home/unmedius/ComfyUI/custom_nodes/ComfyUI-VideoHelperSuite
[2024-08-09 08:07] ### Loading: ComfyUI-Impact-Pack (V6.0)
[2024-08-09 08:07] Loaded ImpactPack nodes from /home/unmedius/ComfyUI/custom_nodes/ComfyUI-Impact-Pack
[2024-08-09 08:07] [Impact Pack] Wildcards loading done.
[2024-08-09 08:07] --------------
[2024-08-09 08:07] *ComfyUI_Jags_Audiotools- nodes_loaded*
[2024-08-09 08:07] --------------
[2024-08-09 08:07] !!!VExpress path was added to /home/unmedius/ComfyUI/.venv/lib/python3.12/site-packages/VExpress.pth
 if meet `No module` error,try `python main.py` again, don't be foolish to pip install modules
[2024-08-09 08:07] Fetching 19 files: 100%|███████████████████████████████████████████████████████████████████████████████████████████████████████████████████████████████████| 19/19 [00:00<00:00, 4434.71it/s]
[2024-08-09 08:07] 
Import times for custom nodes:
[2024-08-09 08:07]    0.0 seconds: /home/unmedius/ComfyUI/custom_nodes/websocket_image_save.py
[2024-08-09 08:07]    0.0 seconds: /home/unmedius/ComfyUI/custom_nodes/ComfyUI_IPAdapter_plus
[2024-08-09 08:07]    0.0 seconds: /home/unmedius/ComfyUI/custom_nodes/ComfyUI-VideoHelperSuite
[2024-08-09 08:07]    0.0 seconds: /home/unmedius/ComfyUI/custom_nodes/ComfyUI-Advanced-ControlNet
[2024-08-09 08:07]    0.0 seconds: /home/unmedius/ComfyUI/custom_nodes/pose-generator-comfyui-node
[2024-08-09 08:07]    0.0 seconds: /home/unmedius/ComfyUI/custom_nodes/comfyui_controlnet_aux
[2024-08-09 08:07]    0.0 seconds: /home/unmedius/ComfyUI/custom_nodes/stability-ComfyUI-nodes
[2024-08-09 08:07]    0.0 seconds: /home/unmedius/ComfyUI/custom_nodes/ComfyUi_NNLatentUpscale
[2024-08-09 08:07]    0.0 seconds: /home/unmedius/ComfyUI/custom_nodes/ComfyUI-SAI_API
[2024-08-09 08:07]    0.0 seconds: /home/unmedius/ComfyUI/custom_nodes/ComfyUI_PRNodes
[2024-08-09 08:07]    0.0 seconds: /home/unmedius/ComfyUI/custom_nodes/ComfyUI-post-processing-nodes
[2024-08-09 08:07]    0.0 seconds: /home/unmedius/ComfyUI/custom_nodes/ComfyUI_experiments
[2024-08-09 08:07]    0.0 seconds: /home/unmedius/ComfyUI/custom_nodes/ComfyUI-Loopchain
[2024-08-09 08:07]    0.0 seconds: /home/unmedius/ComfyUI/custom_nodes/ComfyUI-Openpose-Editor-Plus
[2024-08-09 08:07]    0.0 seconds: /home/unmedius/ComfyUI/custom_nodes/ComfyUI-OpenPose-Editor
[2024-08-09 08:07]    0.0 seconds: /home/unmedius/ComfyUI/custom_nodes/comfyui-inpaint-nodes
[2024-08-09 08:07]    0.0 seconds: /home/unmedius/ComfyUI/custom_nodes/ComfyUI-Extra-Samplers
[2024-08-09 08:07]    0.0 seconds: /home/unmedius/ComfyUI/custom_nodes/ComfyUI-DynamiCrafterWrapper
[2024-08-09 08:07]    0.0 seconds: /home/unmedius/ComfyUI/custom_nodes/ComfyUI-Frame-Interpolation
[2024-08-09 08:07]    0.0 seconds: /home/unmedius/ComfyUI/custom_nodes/ComfyUI_essentials
[2024-08-09 08:07]    0.0 seconds: /home/unmedius/ComfyUI/custom_nodes/ComfyUI-Manager
[2024-08-09 08:07]    0.0 seconds: /home/unmedius/ComfyUI/custom_nodes/efficiency-nodes-comfyui
[2024-08-09 08:07]    0.0 seconds: /home/unmedius/ComfyUI/custom_nodes/ComfyUI-Flowty-LDSR
[2024-08-09 08:07]    0.0 seconds: /home/unmedius/ComfyUI/custom_nodes/ComfyUI-Inspire-Pack
[2024-08-09 08:07]    0.1 seconds: /home/unmedius/ComfyUI/custom_nodes/comfyui-tooling-nodes
[2024-08-09 08:07]    0.2 seconds: /home/unmedius/ComfyUI/custom_nodes/comfyui-art-venture
[2024-08-09 08:07]    0.2 seconds: /home/unmedius/ComfyUI/custom_nodes/ComfyUI_V-Express
[2024-08-09 08:07]    0.5 seconds: /home/unmedius/ComfyUI/custom_nodes/ComfyUI-Mana-Nodes
[2024-08-09 08:07]    0.5 seconds: /home/unmedius/ComfyUI/custom_nodes/ComfyUI-Impact-Pack
[2024-08-09 08:07]    0.6 seconds: /home/unmedius/ComfyUI/custom_nodes/ComfyUI_Jags_Audiotools
[2024-08-09 08:07] 
[2024-08-09 08:07] Starting server

[2024-08-09 08:07] To see the GUI go to: http://127.0.0.1:8188
[2024-08-09 08:07] 
Stopped server
